mode: set
github.com/rorycl/mailboxoperator/operator.go:39.106,40.35 1 0
github.com/rorycl/mailboxoperator/operator.go:40.35,42.3 1 0
github.com/rorycl/mailboxoperator/operator.go:43.2,43.21 1 0
github.com/rorycl/mailboxoperator/operator.go:43.21,45.3 1 0
github.com/rorycl/mailboxoperator/operator.go:46.2,50.8 1 0
github.com/rorycl/mailboxoperator/operator.go:57.43,59.16 2 0
github.com/rorycl/mailboxoperator/operator.go:59.16,61.3 1 0
github.com/rorycl/mailboxoperator/operator.go:62.2,62.12 1 0
github.com/rorycl/mailboxoperator/operator.go:74.40,76.2 1 0
github.com/rorycl/mailboxoperator/operator.go:86.75,90.34 3 0
github.com/rorycl/mailboxoperator/operator.go:90.34,91.21 1 0
github.com/rorycl/mailboxoperator/operator.go:91.21,92.28 1 0
github.com/rorycl/mailboxoperator/operator.go:92.28,96.19 2 0
github.com/rorycl/mailboxoperator/operator.go:96.19,101.6 4 0
github.com/rorycl/mailboxoperator/operator.go:103.4,103.14 1 0
github.com/rorycl/mailboxoperator/operator.go:106.2,106.12 1 0
github.com/rorycl/mailboxoperator/operator.go:106.12,108.3 1 0
github.com/rorycl/mailboxoperator/operator.go:109.2,109.22 1 0
github.com/rorycl/mailboxoperator/operator.go:114.43,122.29 3 0
github.com/rorycl/mailboxoperator/operator.go:122.29,124.17 2 0
github.com/rorycl/mailboxoperator/operator.go:124.17,126.4 1 0
github.com/rorycl/mailboxoperator/operator.go:127.3,127.57 1 0
github.com/rorycl/mailboxoperator/operator.go:129.2,129.31 1 0
github.com/rorycl/mailboxoperator/operator.go:129.31,131.17 2 0
github.com/rorycl/mailboxoperator/operator.go:131.17,133.4 1 0
github.com/rorycl/mailboxoperator/operator.go:134.3,134.57 1 0
github.com/rorycl/mailboxoperator/operator.go:138.2,149.43 4 0
github.com/rorycl/mailboxoperator/operator.go:149.43,150.21 1 0
github.com/rorycl/mailboxoperator/operator.go:150.21,153.8 3 0
github.com/rorycl/mailboxoperator/operator.go:153.8,156.12 1 0
github.com/rorycl/mailboxoperator/operator.go:157.37,158.20 1 0
github.com/rorycl/mailboxoperator/operator.go:158.20,160.7 1 0
github.com/rorycl/mailboxoperator/operator.go:161.6,161.13 1 0
github.com/rorycl/mailboxoperator/operator.go:161.13,163.7 1 0
github.com/rorycl/mailboxoperator/operator.go:164.13,164.13 0 0
github.com/rorycl/mailboxoperator/operator.go:167.5,168.36 2 0
github.com/rorycl/mailboxoperator/operator.go:168.36,169.11 1 0
github.com/rorycl/mailboxoperator/operator.go:171.5,171.19 1 0
github.com/rorycl/mailboxoperator/operator.go:171.19,173.6 1 0
github.com/rorycl/mailboxoperator/operator.go:174.5,176.19 3 0
github.com/rorycl/mailboxoperator/operator.go:176.19,178.6 1 0
github.com/rorycl/mailboxoperator/operator.go:179.5,179.36 1 0
github.com/rorycl/mailboxoperator/operator.go:181.4,181.14 1 0
github.com/rorycl/mailboxoperator/operator.go:184.2,185.16 2 0
github.com/rorycl/mailboxoperator/operator.go:185.16,187.3 1 0
github.com/rorycl/mailboxoperator/operator.go:188.2,193.12 3 0
github.com/rorycl/mailboxoperator/maildir/maildir.go:50.48,53.36 3 1
github.com/rorycl/mailboxoperator/maildir/maildir.go:53.36,55.3 1 0
github.com/rorycl/mailboxoperator/maildir/maildir.go:56.2,60.26 5 1
github.com/rorycl/mailboxoperator/maildir/maildir.go:60.26,62.3 1 1
github.com/rorycl/mailboxoperator/maildir/maildir.go:63.2,63.16 1 1
github.com/rorycl/mailboxoperator/maildir/maildir.go:68.32,69.37 1 1
github.com/rorycl/mailboxoperator/maildir/maildir.go:69.37,72.17 3 1
github.com/rorycl/mailboxoperator/maildir/maildir.go:72.17,74.4 1 0
github.com/rorycl/mailboxoperator/maildir/maildir.go:75.3,75.25 1 1
github.com/rorycl/mailboxoperator/maildir/maildir.go:75.25,76.12 1 1
github.com/rorycl/mailboxoperator/maildir/maildir.go:78.3,79.30 2 1
github.com/rorycl/mailboxoperator/maildir/maildir.go:79.30,86.4 2 1
github.com/rorycl/mailboxoperator/maildir/maildir.go:88.2,88.12 1 1
github.com/rorycl/mailboxoperator/maildir/maildir.go:92.37,94.28 2 1
github.com/rorycl/mailboxoperator/maildir/maildir.go:94.28,96.3 1 1
github.com/rorycl/mailboxoperator/maildir/maildir.go:97.2,97.10 1 1
github.com/rorycl/mailboxoperator/maildir/maildir.go:102.54,104.35 2 1
github.com/rorycl/mailboxoperator/maildir/maildir.go:104.35,106.3 1 1
github.com/rorycl/mailboxoperator/maildir/maildir.go:107.2,107.35 1 1
github.com/rorycl/mailboxoperator/maildir/maildir.go:112.71,114.35 2 1
github.com/rorycl/mailboxoperator/maildir/maildir.go:114.35,116.3 1 1
github.com/rorycl/mailboxoperator/maildir/maildir.go:117.2,118.16 2 1
github.com/rorycl/mailboxoperator/maildir/maildir.go:118.16,120.3 1 0
github.com/rorycl/mailboxoperator/maildir/maildir.go:121.2,121.49 1 1
github.com/rorycl/mailboxoperator/maildir/maildir.go:126.27,128.2 1 1
github.com/rorycl/mailboxoperator/mbox/mbox.go:25.42,29.16 4 0
github.com/rorycl/mailboxoperator/mbox/mbox.go:29.16,31.3 1 0
github.com/rorycl/mailboxoperator/mbox/mbox.go:32.2,37.42 4 0
github.com/rorycl/mailboxoperator/mbox/mbox.go:37.42,39.3 1 0
github.com/rorycl/mailboxoperator/mbox/mbox.go:40.2,40.16 1 0
github.com/rorycl/mailboxoperator/mbox/mbox.go:40.16,42.3 1 0
github.com/rorycl/mailboxoperator/mbox/mbox.go:44.2,45.16 2 0
github.com/rorycl/mailboxoperator/mbox/mbox.go:49.68,57.33 4 0
github.com/rorycl/mailboxoperator/mbox/mbox.go:57.33,59.3 1 0
github.com/rorycl/mailboxoperator/mbox/mbox.go:60.2,60.31 1 0
github.com/rorycl/mailboxoperator/mbox/writer.go:23.54,24.62 1 0
github.com/rorycl/mailboxoperator/mbox/writer.go:24.62,26.3 1 0
github.com/rorycl/mailboxoperator/mbox/writer.go:27.2,28.16 2 0
github.com/rorycl/mailboxoperator/mbox/writer.go:28.16,30.3 1 0
github.com/rorycl/mailboxoperator/mbox/writer.go:31.2,35.15 2 0
github.com/rorycl/mailboxoperator/mbox/writer.go:43.100,46.35 3 0
github.com/rorycl/mailboxoperator/mbox/writer.go:46.35,48.3 1 0
github.com/rorycl/mailboxoperator/mbox/writer.go:49.2,50.16 2 0
github.com/rorycl/mailboxoperator/mbox/writer.go:50.16,52.3 1 0
github.com/rorycl/mailboxoperator/mbox/writer.go:53.2,54.16 2 0
github.com/rorycl/mailboxoperator/mbox/writer.go:54.16,56.3 1 0
github.com/rorycl/mailboxoperator/mbox/writer.go:57.2,58.18 2 0
github.com/rorycl/mailboxoperator/mbox/writer.go:62.36,64.2 1 0
github.com/rorycl/mailboxoperator/uncompress/uncompress.go:26.53,29.16 3 0
github.com/rorycl/mailboxoperator/uncompress/uncompress.go:29.16,31.3 1 0
github.com/rorycl/mailboxoperator/uncompress/uncompress.go:33.2,34.16 2 0
github.com/rorycl/mailboxoperator/uncompress/uncompress.go:34.16,36.3 1 0
github.com/rorycl/mailboxoperator/uncompress/uncompress.go:37.2,42.15 3 0
github.com/rorycl/mailboxoperator/uncompress/uncompress.go:47.48,48.15 1 0
github.com/rorycl/mailboxoperator/uncompress/uncompress.go:49.53,50.41 1 0
github.com/rorycl/mailboxoperator/uncompress/uncompress.go:51.32,52.38 1 0
github.com/rorycl/mailboxoperator/uncompress/uncompress.go:53.20,54.38 1 0
github.com/rorycl/mailboxoperator/uncompress/uncompress.go:55.17,56.22 1 0
github.com/rorycl/mailboxoperator/uncompress/uncompress.go:57.10,58.15 1 0
github.com/rorycl/mailboxoperator/uncompress/uncompress.go:74.47,76.16 2 0
github.com/rorycl/mailboxoperator/uncompress/uncompress.go:76.16,78.3 1 0
github.com/rorycl/mailboxoperator/uncompress/uncompress.go:80.2,82.16 2 0
github.com/rorycl/mailboxoperator/uncompress/uncompress.go:83.29,84.33 1 0
github.com/rorycl/mailboxoperator/uncompress/uncompress.go:85.26,86.25 1 0
github.com/rorycl/mailboxoperator/uncompress/uncompress.go:87.26,88.27 1 0
github.com/rorycl/mailboxoperator/uncompress/uncompress.go:90.2,90.15 1 0
github.com/rorycl/mailboxoperator/operator.go:39.106,40.35 1 0
github.com/rorycl/mailboxoperator/operator.go:40.35,42.3 1 0
github.com/rorycl/mailboxoperator/operator.go:43.2,43.21 1 0
github.com/rorycl/mailboxoperator/operator.go:43.21,45.3 1 0
github.com/rorycl/mailboxoperator/operator.go:46.2,50.8 1 0
github.com/rorycl/mailboxoperator/operator.go:57.43,59.16 2 0
github.com/rorycl/mailboxoperator/operator.go:59.16,61.3 1 0
github.com/rorycl/mailboxoperator/operator.go:62.2,62.12 1 0
github.com/rorycl/mailboxoperator/operator.go:74.40,76.2 1 0
github.com/rorycl/mailboxoperator/operator.go:86.75,90.34 3 0
github.com/rorycl/mailboxoperator/operator.go:90.34,91.21 1 0
github.com/rorycl/mailboxoperator/operator.go:91.21,92.28 1 0
github.com/rorycl/mailboxoperator/operator.go:92.28,96.19 2 0
github.com/rorycl/mailboxoperator/operator.go:96.19,101.6 4 0
github.com/rorycl/mailboxoperator/operator.go:103.4,103.14 1 0
github.com/rorycl/mailboxoperator/operator.go:106.2,106.12 1 0
github.com/rorycl/mailboxoperator/operator.go:106.12,108.3 1 0
github.com/rorycl/mailboxoperator/operator.go:109.2,109.22 1 0
github.com/rorycl/mailboxoperator/operator.go:114.43,122.29 3 0
github.com/rorycl/mailboxoperator/operator.go:122.29,124.17 2 0
github.com/rorycl/mailboxoperator/operator.go:124.17,126.4 1 0
github.com/rorycl/mailboxoperator/operator.go:127.3,127.57 1 0
github.com/rorycl/mailboxoperator/operator.go:129.2,129.31 1 0
github.com/rorycl/mailboxoperator/operator.go:129.31,131.17 2 0
github.com/rorycl/mailboxoperator/operator.go:131.17,133.4 1 0
github.com/rorycl/mailboxoperator/operator.go:134.3,134.57 1 0
github.com/rorycl/mailboxoperator/operator.go:138.2,149.43 4 0
github.com/rorycl/mailboxoperator/operator.go:149.43,150.21 1 0
github.com/rorycl/mailboxoperator/operator.go:150.21,153.8 3 0
github.com/rorycl/mailboxoperator/operator.go:153.8,156.12 1 0
github.com/rorycl/mailboxoperator/operator.go:157.37,158.20 1 0
github.com/rorycl/mailboxoperator/operator.go:158.20,160.7 1 0
github.com/rorycl/mailboxoperator/operator.go:161.6,161.13 1 0
github.com/rorycl/mailboxoperator/operator.go:161.13,163.7 1 0
github.com/rorycl/mailboxoperator/operator.go:164.13,164.13 0 0
github.com/rorycl/mailboxoperator/operator.go:167.5,168.36 2 0
github.com/rorycl/mailboxoperator/operator.go:168.36,169.11 1 0
github.com/rorycl/mailboxoperator/operator.go:171.5,171.19 1 0
github.com/rorycl/mailboxoperator/operator.go:171.19,173.6 1 0
github.com/rorycl/mailboxoperator/operator.go:174.5,176.19 3 0
github.com/rorycl/mailboxoperator/operator.go:176.19,178.6 1 0
github.com/rorycl/mailboxoperator/operator.go:179.5,179.36 1 0
github.com/rorycl/mailboxoperator/operator.go:181.4,181.14 1 0
github.com/rorycl/mailboxoperator/operator.go:184.2,185.16 2 0
github.com/rorycl/mailboxoperator/operator.go:185.16,187.3 1 0
github.com/rorycl/mailboxoperator/operator.go:188.2,193.12 3 0
github.com/rorycl/mailboxoperator/maildir/maildir.go:50.48,53.36 3 0
github.com/rorycl/mailboxoperator/maildir/maildir.go:53.36,55.3 1 0
github.com/rorycl/mailboxoperator/maildir/maildir.go:56.2,60.26 5 0
github.com/rorycl/mailboxoperator/maildir/maildir.go:60.26,62.3 1 0
github.com/rorycl/mailboxoperator/maildir/maildir.go:63.2,63.16 1 0
github.com/rorycl/mailboxoperator/maildir/maildir.go:68.32,69.37 1 0
github.com/rorycl/mailboxoperator/maildir/maildir.go:69.37,72.17 3 0
github.com/rorycl/mailboxoperator/maildir/maildir.go:72.17,74.4 1 0
github.com/rorycl/mailboxoperator/maildir/maildir.go:75.3,75.25 1 0
github.com/rorycl/mailboxoperator/maildir/maildir.go:75.25,76.12 1 0
github.com/rorycl/mailboxoperator/maildir/maildir.go:78.3,79.30 2 0
github.com/rorycl/mailboxoperator/maildir/maildir.go:79.30,86.4 2 0
github.com/rorycl/mailboxoperator/maildir/maildir.go:88.2,88.12 1 0
github.com/rorycl/mailboxoperator/maildir/maildir.go:92.37,94.28 2 0
github.com/rorycl/mailboxoperator/maildir/maildir.go:94.28,96.3 1 0
github.com/rorycl/mailboxoperator/maildir/maildir.go:97.2,97.10 1 0
github.com/rorycl/mailboxoperator/maildir/maildir.go:102.54,104.35 2 0
github.com/rorycl/mailboxoperator/maildir/maildir.go:104.35,106.3 1 0
github.com/rorycl/mailboxoperator/maildir/maildir.go:107.2,107.35 1 0
github.com/rorycl/mailboxoperator/maildir/maildir.go:112.71,114.35 2 0
github.com/rorycl/mailboxoperator/maildir/maildir.go:114.35,116.3 1 0
github.com/rorycl/mailboxoperator/maildir/maildir.go:117.2,118.16 2 0
github.com/rorycl/mailboxoperator/maildir/maildir.go:118.16,120.3 1 0
github.com/rorycl/mailboxoperator/maildir/maildir.go:121.2,121.49 1 0
github.com/rorycl/mailboxoperator/maildir/maildir.go:126.27,128.2 1 0
github.com/rorycl/mailboxoperator/mbox/mbox.go:25.42,29.16 4 1
github.com/rorycl/mailboxoperator/mbox/mbox.go:29.16,31.3 1 1
github.com/rorycl/mailboxoperator/mbox/mbox.go:32.2,37.42 4 1
github.com/rorycl/mailboxoperator/mbox/mbox.go:37.42,39.3 1 1
github.com/rorycl/mailboxoperator/mbox/mbox.go:40.2,40.16 1 1
github.com/rorycl/mailboxoperator/mbox/mbox.go:40.16,42.3 1 0
github.com/rorycl/mailboxoperator/mbox/mbox.go:44.2,45.16 2 1
github.com/rorycl/mailboxoperator/mbox/mbox.go:49.68,57.33 4 1
github.com/rorycl/mailboxoperator/mbox/mbox.go:57.33,59.3 1 1
github.com/rorycl/mailboxoperator/mbox/mbox.go:60.2,60.31 1 1
github.com/rorycl/mailboxoperator/mbox/writer.go:23.54,24.62 1 1
github.com/rorycl/mailboxoperator/mbox/writer.go:24.62,26.3 1 1
github.com/rorycl/mailboxoperator/mbox/writer.go:27.2,28.16 2 1
github.com/rorycl/mailboxoperator/mbox/writer.go:28.16,30.3 1 0
github.com/rorycl/mailboxoperator/mbox/writer.go:31.2,35.15 2 1
github.com/rorycl/mailboxoperator/mbox/writer.go:43.100,46.35 3 1
github.com/rorycl/mailboxoperator/mbox/writer.go:46.35,48.3 1 1
github.com/rorycl/mailboxoperator/mbox/writer.go:49.2,50.16 2 1
github.com/rorycl/mailboxoperator/mbox/writer.go:50.16,52.3 1 0
github.com/rorycl/mailboxoperator/mbox/writer.go:53.2,54.16 2 1
github.com/rorycl/mailboxoperator/mbox/writer.go:54.16,56.3 1 0
github.com/rorycl/mailboxoperator/mbox/writer.go:57.2,58.18 2 1
github.com/rorycl/mailboxoperator/mbox/writer.go:62.36,64.2 1 1
github.com/rorycl/mailboxoperator/uncompress/uncompress.go:26.53,29.16 3 1
github.com/rorycl/mailboxoperator/uncompress/uncompress.go:29.16,31.3 1 1
github.com/rorycl/mailboxoperator/uncompress/uncompress.go:33.2,34.16 2 1
github.com/rorycl/mailboxoperator/uncompress/uncompress.go:34.16,36.3 1 0
github.com/rorycl/mailboxoperator/uncompress/uncompress.go:37.2,42.15 3 1
github.com/rorycl/mailboxoperator/uncompress/uncompress.go:47.48,48.15 1 0
github.com/rorycl/mailboxoperator/uncompress/uncompress.go:49.53,50.41 1 0
github.com/rorycl/mailboxoperator/uncompress/uncompress.go:51.32,52.38 1 0
github.com/rorycl/mailboxoperator/uncompress/uncompress.go:53.20,54.38 1 0
github.com/rorycl/mailboxoperator/uncompress/uncompress.go:55.17,56.22 1 0
github.com/rorycl/mailboxoperator/uncompress/uncompress.go:57.10,58.15 1 0
github.com/rorycl/mailboxoperator/uncompress/uncompress.go:74.47,76.16 2 1
github.com/rorycl/mailboxoperator/uncompress/uncompress.go:76.16,78.3 1 1
github.com/rorycl/mailboxoperator/uncompress/uncompress.go:80.2,82.16 2 1
github.com/rorycl/mailboxoperator/uncompress/uncompress.go:83.29,84.33 1 1
github.com/rorycl/mailboxoperator/uncompress/uncompress.go:85.26,86.25 1 0
github.com/rorycl/mailboxoperator/uncompress/uncompress.go:87.26,88.27 1 0
github.com/rorycl/mailboxoperator/uncompress/uncompress.go:90.2,90.15 1 1
github.com/rorycl/mailboxoperator/operator.go:39.106,40.35 1 1
github.com/rorycl/mailboxoperator/operator.go:40.35,42.3 1 1
github.com/rorycl/mailboxoperator/operator.go:43.2,43.21 1 1
github.com/rorycl/mailboxoperator/operator.go:43.21,45.3 1 1
github.com/rorycl/mailboxoperator/operator.go:46.2,50.8 1 1
github.com/rorycl/mailboxoperator/operator.go:57.43,59.16 2 1
github.com/rorycl/mailboxoperator/operator.go:59.16,61.3 1 1
github.com/rorycl/mailboxoperator/operator.go:62.2,62.12 1 1
github.com/rorycl/mailboxoperator/operator.go:74.40,76.2 1 1
github.com/rorycl/mailboxoperator/operator.go:86.75,90.34 3 1
github.com/rorycl/mailboxoperator/operator.go:90.34,91.21 1 1
github.com/rorycl/mailboxoperator/operator.go:91.21,92.28 1 1
github.com/rorycl/mailboxoperator/operator.go:92.28,96.19 2 1
github.com/rorycl/mailboxoperator/operator.go:96.19,101.6 4 1
github.com/rorycl/mailboxoperator/operator.go:103.4,103.14 1 1
github.com/rorycl/mailboxoperator/operator.go:106.2,106.12 1 1
github.com/rorycl/mailboxoperator/operator.go:106.12,108.3 1 1
github.com/rorycl/mailboxoperator/operator.go:109.2,109.22 1 1
github.com/rorycl/mailboxoperator/operator.go:114.43,122.29 3 1
github.com/rorycl/mailboxoperator/operator.go:122.29,124.17 2 1
github.com/rorycl/mailboxoperator/operator.go:124.17,126.4 1 0
github.com/rorycl/mailboxoperator/operator.go:127.3,127.57 1 1
github.com/rorycl/mailboxoperator/operator.go:129.2,129.31 1 1
github.com/rorycl/mailboxoperator/operator.go:129.31,131.17 2 1
github.com/rorycl/mailboxoperator/operator.go:131.17,133.4 1 0
github.com/rorycl/mailboxoperator/operator.go:134.3,134.57 1 1
github.com/rorycl/mailboxoperator/operator.go:138.2,149.43 4 1
github.com/rorycl/mailboxoperator/operator.go:149.43,150.21 1 1
github.com/rorycl/mailboxoperator/operator.go:150.21,153.8 3 1
github.com/rorycl/mailboxoperator/operator.go:153.8,156.12 1 1
github.com/rorycl/mailboxoperator/operator.go:157.37,158.20 1 1
github.com/rorycl/mailboxoperator/operator.go:158.20,160.7 1 1
github.com/rorycl/mailboxoperator/operator.go:161.6,161.13 1 1
github.com/rorycl/mailboxoperator/operator.go:161.13,163.7 1 1
github.com/rorycl/mailboxoperator/operator.go:164.13,164.13 0 1
github.com/rorycl/mailboxoperator/operator.go:167.5,168.36 2 1
github.com/rorycl/mailboxoperator/operator.go:168.36,169.11 1 1
github.com/rorycl/mailboxoperator/operator.go:171.5,171.19 1 1
github.com/rorycl/mailboxoperator/operator.go:171.19,173.6 1 0
github.com/rorycl/mailboxoperator/operator.go:174.5,176.19 3 1
github.com/rorycl/mailboxoperator/operator.go:176.19,178.6 1 0
github.com/rorycl/mailboxoperator/operator.go:179.5,179.36 1 1
github.com/rorycl/mailboxoperator/operator.go:181.4,181.14 1 1
github.com/rorycl/mailboxoperator/operator.go:184.2,185.16 2 1
github.com/rorycl/mailboxoperator/operator.go:185.16,187.3 1 1
github.com/rorycl/mailboxoperator/operator.go:188.2,193.12 3 1
github.com/rorycl/mailboxoperator/maildir/maildir.go:50.48,53.36 3 1
github.com/rorycl/mailboxoperator/maildir/maildir.go:53.36,55.3 1 0
github.com/rorycl/mailboxoperator/maildir/maildir.go:56.2,60.26 5 1
github.com/rorycl/mailboxoperator/maildir/maildir.go:60.26,62.3 1 0
github.com/rorycl/mailboxoperator/maildir/maildir.go:63.2,63.16 1 1
github.com/rorycl/mailboxoperator/maildir/maildir.go:68.32,69.37 1 1
github.com/rorycl/mailboxoperator/maildir/maildir.go:69.37,72.17 3 1
github.com/rorycl/mailboxoperator/maildir/maildir.go:72.17,74.4 1 0
github.com/rorycl/mailboxoperator/maildir/maildir.go:75.3,75.25 1 1
github.com/rorycl/mailboxoperator/maildir/maildir.go:75.25,76.12 1 1
github.com/rorycl/mailboxoperator/maildir/maildir.go:78.3,79.30 2 1
github.com/rorycl/mailboxoperator/maildir/maildir.go:79.30,86.4 2 1
github.com/rorycl/mailboxoperator/maildir/maildir.go:88.2,88.12 1 1
github.com/rorycl/mailboxoperator/maildir/maildir.go:92.37,94.28 2 1
github.com/rorycl/mailboxoperator/maildir/maildir.go:94.28,96.3 1 1
github.com/rorycl/mailboxoperator/maildir/maildir.go:97.2,97.10 1 1
github.com/rorycl/mailboxoperator/maildir/maildir.go:102.54,104.35 2 0
github.com/rorycl/mailboxoperator/maildir/maildir.go:104.35,106.3 1 0
github.com/rorycl/mailboxoperator/maildir/maildir.go:107.2,107.35 1 0
github.com/rorycl/mailboxoperator/maildir/maildir.go:112.71,114.35 2 1
github.com/rorycl/mailboxoperator/maildir/maildir.go:114.35,116.3 1 1
github.com/rorycl/mailboxoperator/maildir/maildir.go:117.2,118.16 2 1
github.com/rorycl/mailboxoperator/maildir/maildir.go:118.16,120.3 1 0
github.com/rorycl/mailboxoperator/maildir/maildir.go:121.2,121.49 1 1
github.com/rorycl/mailboxoperator/maildir/maildir.go:126.27,128.2 1 0
github.com/rorycl/mailboxoperator/mbox/mbox.go:25.42,29.16 4 1
github.com/rorycl/mailboxoperator/mbox/mbox.go:29.16,31.3 1 0
github.com/rorycl/mailboxoperator/mbox/mbox.go:32.2,37.42 4 1
github.com/rorycl/mailboxoperator/mbox/mbox.go:37.42,39.3 1 0
github.com/rorycl/mailboxoperator/mbox/mbox.go:40.2,40.16 1 1
github.com/rorycl/mailboxoperator/mbox/mbox.go:40.16,42.3 1 0
github.com/rorycl/mailboxoperator/mbox/mbox.go:44.2,45.16 2 1
github.com/rorycl/mailboxoperator/mbox/mbox.go:49.68,57.33 4 1
github.com/rorycl/mailboxoperator/mbox/mbox.go:57.33,59.3 1 1
github.com/rorycl/mailboxoperator/mbox/mbox.go:60.2,60.31 1 1
github.com/rorycl/mailboxoperator/mbox/writer.go:23.54,24.62 1 0
github.com/rorycl/mailboxoperator/mbox/writer.go:24.62,26.3 1 0
github.com/rorycl/mailboxoperator/mbox/writer.go:27.2,28.16 2 0
github.com/rorycl/mailboxoperator/mbox/writer.go:28.16,30.3 1 0
github.com/rorycl/mailboxoperator/mbox/writer.go:31.2,35.15 2 0
github.com/rorycl/mailboxoperator/mbox/writer.go:43.100,46.35 3 0
github.com/rorycl/mailboxoperator/mbox/writer.go:46.35,48.3 1 0
github.com/rorycl/mailboxoperator/mbox/writer.go:49.2,50.16 2 0
github.com/rorycl/mailboxoperator/mbox/writer.go:50.16,52.3 1 0
github.com/rorycl/mailboxoperator/mbox/writer.go:53.2,54.16 2 0
github.com/rorycl/mailboxoperator/mbox/writer.go:54.16,56.3 1 0
github.com/rorycl/mailboxoperator/mbox/writer.go:57.2,58.18 2 0
github.com/rorycl/mailboxoperator/mbox/writer.go:62.36,64.2 1 0
github.com/rorycl/mailboxoperator/uncompress/uncompress.go:26.53,29.16 3 1
github.com/rorycl/mailboxoperator/uncompress/uncompress.go:29.16,31.3 1 0
github.com/rorycl/mailboxoperator/uncompress/uncompress.go:33.2,34.16 2 1
github.com/rorycl/mailboxoperator/uncompress/uncompress.go:34.16,36.3 1 0
github.com/rorycl/mailboxoperator/uncompress/uncompress.go:37.2,42.15 3 1
github.com/rorycl/mailboxoperator/uncompress/uncompress.go:47.48,48.15 1 0
github.com/rorycl/mailboxoperator/uncompress/uncompress.go:49.53,50.41 1 0
github.com/rorycl/mailboxoperator/uncompress/uncompress.go:51.32,52.38 1 0
github.com/rorycl/mailboxoperator/uncompress/uncompress.go:53.20,54.38 1 0
github.com/rorycl/mailboxoperator/uncompress/uncompress.go:55.17,56.22 1 0
github.com/rorycl/mailboxoperator/uncompress/uncompress.go:57.10,58.15 1 0
github.com/rorycl/mailboxoperator/uncompress/uncompress.go:74.47,76.16 2 1
github.com/rorycl/mailboxoperator/uncompress/uncompress.go:76.16,78.3 1 0
github.com/rorycl/mailboxoperator/uncompress/uncompress.go:80.2,82.16 2 1
github.com/rorycl/mailboxoperator/uncompress/uncompress.go:83.29,84.33 1 0
github.com/rorycl/mailboxoperator/uncompress/uncompress.go:85.26,86.25 1 0
github.com/rorycl/mailboxoperator/uncompress/uncompress.go:87.26,88.27 1 0
github.com/rorycl/mailboxoperator/uncompress/uncompress.go:90.2,90.15 1 1
github.com/rorycl/mailboxoperator/operator.go:39.106,40.35 1 0
github.com/rorycl/mailboxoperator/operator.go:40.35,42.3 1 0
github.com/rorycl/mailboxoperator/operator.go:43.2,43.21 1 0
github.com/rorycl/mailboxoperator/operator.go:43.21,45.3 1 0
github.com/rorycl/mailboxoperator/operator.go:46.2,50.8 1 0
github.com/rorycl/mailboxoperator/operator.go:57.43,59.16 2 0
github.com/rorycl/mailboxoperator/operator.go:59.16,61.3 1 0
github.com/rorycl/mailboxoperator/operator.go:62.2,62.12 1 0
github.com/rorycl/mailboxoperator/operator.go:74.40,76.2 1 0
github.com/rorycl/mailboxoperator/operator.go:86.75,90.34 3 0
github.com/rorycl/mailboxoperator/operator.go:90.34,91.21 1 0
github.com/rorycl/mailboxoperator/operator.go:91.21,92.28 1 0
github.com/rorycl/mailboxoperator/operator.go:92.28,96.19 2 0
github.com/rorycl/mailboxoperator/operator.go:96.19,101.6 4 0
github.com/rorycl/mailboxoperator/operator.go:103.4,103.14 1 0
github.com/rorycl/mailboxoperator/operator.go:106.2,106.12 1 0
github.com/rorycl/mailboxoperator/operator.go:106.12,108.3 1 0
github.com/rorycl/mailboxoperator/operator.go:109.2,109.22 1 0
github.com/rorycl/mailboxoperator/operator.go:114.43,122.29 3 0
github.com/rorycl/mailboxoperator/operator.go:122.29,124.17 2 0
github.com/rorycl/mailboxoperator/operator.go:124.17,126.4 1 0
github.com/rorycl/mailboxoperator/operator.go:127.3,127.57 1 0
github.com/rorycl/mailboxoperator/operator.go:129.2,129.31 1 0
github.com/rorycl/mailboxoperator/operator.go:129.31,131.17 2 0
github.com/rorycl/mailboxoperator/operator.go:131.17,133.4 1 0
github.com/rorycl/mailboxoperator/operator.go:134.3,134.57 1 0
github.com/rorycl/mailboxoperator/operator.go:138.2,149.43 4 0
github.com/rorycl/mailboxoperator/operator.go:149.43,150.21 1 0
github.com/rorycl/mailboxoperator/operator.go:150.21,153.8 3 0
github.com/rorycl/mailboxoperator/operator.go:153.8,156.12 1 0
github.com/rorycl/mailboxoperator/operator.go:157.37,158.20 1 0
github.com/rorycl/mailboxoperator/operator.go:158.20,160.7 1 0
github.com/rorycl/mailboxoperator/operator.go:161.6,161.13 1 0
github.com/rorycl/mailboxoperator/operator.go:161.13,163.7 1 0
github.com/rorycl/mailboxoperator/operator.go:164.13,164.13 0 0
github.com/rorycl/mailboxoperator/operator.go:167.5,168.36 2 0
github.com/rorycl/mailboxoperator/operator.go:168.36,169.11 1 0
github.com/rorycl/mailboxoperator/operator.go:171.5,171.19 1 0
github.com/rorycl/mailboxoperator/operator.go:171.19,173.6 1 0
github.com/rorycl/mailboxoperator/operator.go:174.5,176.19 3 0
github.com/rorycl/mailboxoperator/operator.go:176.19,178.6 1 0
github.com/rorycl/mailboxoperator/operator.go:179.5,179.36 1 0
github.com/rorycl/mailboxoperator/operator.go:181.4,181.14 1 0
github.com/rorycl/mailboxoperator/operator.go:184.2,185.16 2 0
github.com/rorycl/mailboxoperator/operator.go:185.16,187.3 1 0
github.com/rorycl/mailboxoperator/operator.go:188.2,193.12 3 0
github.com/rorycl/mailboxoperator/maildir/maildir.go:50.48,53.36 3 0
github.com/rorycl/mailboxoperator/maildir/maildir.go:53.36,55.3 1 0
github.com/rorycl/mailboxoperator/maildir/maildir.go:56.2,60.26 5 0
github.com/rorycl/mailboxoperator/maildir/maildir.go:60.26,62.3 1 0
github.com/rorycl/mailboxoperator/maildir/maildir.go:63.2,63.16 1 0
github.com/rorycl/mailboxoperator/maildir/maildir.go:68.32,69.37 1 0
github.com/rorycl/mailboxoperator/maildir/maildir.go:69.37,72.17 3 0
github.com/rorycl/mailboxoperator/maildir/maildir.go:72.17,74.4 1 0
github.com/rorycl/mailboxoperator/maildir/maildir.go:75.3,75.25 1 0
github.com/rorycl/mailboxoperator/maildir/maildir.go:75.25,76.12 1 0
github.com/rorycl/mailboxoperator/maildir/maildir.go:78.3,79.30 2 0
github.com/rorycl/mailboxoperator/maildir/maildir.go:79.30,86.4 2 0
github.com/rorycl/mailboxoperator/maildir/maildir.go:88.2,88.12 1 0
github.com/rorycl/mailboxoperator/maildir/maildir.go:92.37,94.28 2 0
github.com/rorycl/mailboxoperator/maildir/maildir.go:94.28,96.3 1 0
github.com/rorycl/mailboxoperator/maildir/maildir.go:97.2,97.10 1 0
github.com/rorycl/mailboxoperator/maildir/maildir.go:102.54,104.35 2 0
github.com/rorycl/mailboxoperator/maildir/maildir.go:104.35,106.3 1 0
github.com/rorycl/mailboxoperator/maildir/maildir.go:107.2,107.35 1 0
github.com/rorycl/mailboxoperator/maildir/maildir.go:112.71,114.35 2 0
github.com/rorycl/mailboxoperator/maildir/maildir.go:114.35,116.3 1 0
github.com/rorycl/mailboxoperator/maildir/maildir.go:117.2,118.16 2 0
github.com/rorycl/mailboxoperator/maildir/maildir.go:118.16,120.3 1 0
github.com/rorycl/mailboxoperator/maildir/maildir.go:121.2,121.49 1 0
github.com/rorycl/mailboxoperator/maildir/maildir.go:126.27,128.2 1 0
github.com/rorycl/mailboxoperator/mbox/mbox.go:25.42,29.16 4 0
github.com/rorycl/mailboxoperator/mbox/mbox.go:29.16,31.3 1 0
github.com/rorycl/mailboxoperator/mbox/mbox.go:32.2,37.42 4 0
github.com/rorycl/mailboxoperator/mbox/mbox.go:37.42,39.3 1 0
github.com/rorycl/mailboxoperator/mbox/mbox.go:40.2,40.16 1 0
github.com/rorycl/mailboxoperator/mbox/mbox.go:40.16,42.3 1 0
github.com/rorycl/mailboxoperator/mbox/mbox.go:44.2,45.16 2 0
github.com/rorycl/mailboxoperator/mbox/mbox.go:49.68,57.33 4 0
github.com/rorycl/mailboxoperator/mbox/mbox.go:57.33,59.3 1 0
github.com/rorycl/mailboxoperator/mbox/mbox.go:60.2,60.31 1 0
github.com/rorycl/mailboxoperator/mbox/writer.go:23.54,24.62 1 0
github.com/rorycl/mailboxoperator/mbox/writer.go:24.62,26.3 1 0
github.com/rorycl/mailboxoperator/mbox/writer.go:27.2,28.16 2 0
github.com/rorycl/mailboxoperator/mbox/writer.go:28.16,30.3 1 0
github.com/rorycl/mailboxoperator/mbox/writer.go:31.2,35.15 2 0
github.com/rorycl/mailboxoperator/mbox/writer.go:43.100,46.35 3 0
github.com/rorycl/mailboxoperator/mbox/writer.go:46.35,48.3 1 0
github.com/rorycl/mailboxoperator/mbox/writer.go:49.2,50.16 2 0
github.com/rorycl/mailboxoperator/mbox/writer.go:50.16,52.3 1 0
github.com/rorycl/mailboxoperator/mbox/writer.go:53.2,54.16 2 0
github.com/rorycl/mailboxoperator/mbox/writer.go:54.16,56.3 1 0
github.com/rorycl/mailboxoperator/mbox/writer.go:57.2,58.18 2 0
github.com/rorycl/mailboxoperator/mbox/writer.go:62.36,64.2 1 0
github.com/rorycl/mailboxoperator/uncompress/uncompress.go:26.53,29.16 3 1
github.com/rorycl/mailboxoperator/uncompress/uncompress.go:29.16,31.3 1 0
github.com/rorycl/mailboxoperator/uncompress/uncompress.go:33.2,34.16 2 1
github.com/rorycl/mailboxoperator/uncompress/uncompress.go:34.16,36.3 1 0
github.com/rorycl/mailboxoperator/uncompress/uncompress.go:37.2,42.15 3 1
github.com/rorycl/mailboxoperator/uncompress/uncompress.go:47.48,48.15 1 1
github.com/rorycl/mailboxoperator/uncompress/uncompress.go:49.53,50.41 1 1
github.com/rorycl/mailboxoperator/uncompress/uncompress.go:51.32,52.38 1 1
github.com/rorycl/mailboxoperator/uncompress/uncompress.go:53.20,54.38 1 1
github.com/rorycl/mailboxoperator/uncompress/uncompress.go:55.17,56.22 1 1
github.com/rorycl/mailboxoperator/uncompress/uncompress.go:57.10,58.15 1 0
github.com/rorycl/mailboxoperator/uncompress/uncompress.go:74.47,76.16 2 1
github.com/rorycl/mailboxoperator/uncompress/uncompress.go:76.16,78.3 1 0
github.com/rorycl/mailboxoperator/uncompress/uncompress.go:80.2,82.16 2 1
github.com/rorycl/mailboxoperator/uncompress/uncompress.go:83.29,84.33 1 1
github.com/rorycl/mailboxoperator/uncompress/uncompress.go:85.26,86.25 1 1
github.com/rorycl/mailboxoperator/uncompress/uncompress.go:87.26,88.27 1 1
github.com/rorycl/mailboxoperator/uncompress/uncompress.go:90.2,90.15 1 1
